2021-05-29T00:21:35.653Z - info: [ui] [AppStore] loading 0 repositories from store
2021-05-29T00:21:35.664Z - info: [ui] [Welcome] no sign in step found. ignoring...
2021-05-29T00:21:35.794Z - info: [ui] [Welcome] no sign in step found. ignoring...
2021-05-29T00:21:35.835Z - info: [ui] launching: 2.8.2-linux1 (Linux 5.12.6-arch1-1)
2021-05-29T00:21:35.835Z - info: [ui] execPath: '/opt/github-desktop/github-desktop'
2021-05-29T00:21:35.886Z - info: [ui] [Welcome] no sign in step found. ignoring...
2021-05-29T00:21:35.896Z - info: [ui] [Welcome] no sign in step found. ignoring...
2021-05-29T00:21:35.911Z - info: [ui] Opt in reported.
2021-05-29T00:21:37.699Z - info: [ui] [Welcome] advancing to step: SignInToDotComWithBrowser
2021-05-29T00:21:37.702Z - info: [ui] [SignInStore] initializing OAuth flow
2021-05-29T00:21:37.703Z - info: [main] opening in browser: https://github.com/login/oauth/authorize?client_id=3a723b10ac5575cc5bb9&scope=repo%20user%20workflow&state=1bddc8dd-d142-4160-bff1-46aa0674d42e
2021-05-29T00:21:37.704Z - info: [ui] [Welcome] current sign in state not found. ignoring...
2021-05-29T00:21:59.092Z - info: [ui] [Welcome] kind Authentication is the same as Authentication. ignoring...
2021-05-29T00:22:02.793Z - info: [main] Received possible protocol arguments: 2
2021-05-29T00:22:02.793Z - info: [main] Processing protocol url
2021-05-29T00:22:02.793Z - info: [ui] [Dispatcher] requesting authenticated user
2021-05-29T00:22:02.794Z - info: [ui] [Welcome] kind Authentication is the same as Authentication. ignoring...
2021-05-29T00:22:03.383Z - info: [ui] [SignInStore] account resolved
2021-05-29T00:22:03.384Z - info: [ui] [AppStore] adding account Bojofil (Justin Morrison) to store
2021-05-29T00:22:03.392Z - info: [ui] [Welcome] advancing to step: ConfigureGit
2021-05-29T00:22:03.524Z - info: [ui] [Welcome] no sign in step found. ignoring...
2021-05-29T00:22:12.548Z - info: [ui] [Welcome] no sign in step found. ignoring...
2021-05-29T00:22:12.752Z - info: [ui] [Welcome] no sign in step found. ignoring...
2021-05-29T00:22:16.207Z - info: [ui] [Welcome] no sign in step found. ignoring...
2021-05-29T00:22:27.504Z - info: [ui] [Welcome] advancing to step: Start
2021-05-29T00:22:29.675Z - info: [ui] [Welcome] no sign in step found. ignoring...
2021-05-29T00:22:53.166Z - info: [ui] [Welcome] no sign in step found. ignoring...
2021-05-29T00:22:54.197Z - info: [ui] [Welcome] advancing to step: SignInToDotComWithBrowser
2021-05-29T00:22:54.197Z - info: [ui] [SignInStore] initializing OAuth flow
2021-05-29T00:22:54.199Z - info: [main] opening in browser: https://github.com/login/oauth/authorize?client_id=3a723b10ac5575cc5bb9&scope=repo%20user%20workflow&state=8db5961b-5b0b-494a-964f-d21990a60c06
2021-05-29T00:22:54.199Z - info: [ui] [Welcome] current sign in state not found. ignoring...
2021-05-29T00:23:34.684Z - info: [ui] [Welcome] kind Authentication is the same as Authentication. ignoring...
2021-05-29T00:23:36.062Z - info: [main] Received possible protocol arguments: 2
2021-05-29T00:23:36.062Z - info: [main] Processing protocol url
2021-05-29T00:23:36.063Z - info: [ui] [Dispatcher] requesting authenticated user
2021-05-29T00:23:36.095Z - info: [ui] [Welcome] kind Authentication is the same as Authentication. ignoring...
2021-05-29T00:23:36.377Z - info: [ui] [SignInStore] account resolved
2021-05-29T00:23:36.377Z - info: [ui] [AppStore] adding account Brewfj (Brewfj) to store
2021-05-29T00:23:36.378Z - info: [ui] [Welcome] advancing to step: ConfigureGit
2021-05-29T00:23:36.394Z - info: [ui] [Welcome] no sign in step found. ignoring...
2021-05-29T00:23:36.497Z - info: [ui] [Welcome] no sign in step found. ignoring...
2021-05-29T00:23:37.740Z - info: [ui] [Welcome] no sign in step found. ignoring...
2021-05-29T00:23:54.367Z - info: [ui] [AppStore.getAccountForRemoteURL] account found for remote: https://github.com/Brewfj/Dotfiles.git - Brewfj (has token)
2021-05-29T00:24:04.409Z - info: [ui] Executing clone: git -c credential.helper= -c protocol.version=2 -c init.defaultBranch=master clone --recursive --progress -- https://github.com/Brewfj/Dotfiles.git /home/brandon/GitHub/Dotfiles (took 10.032s)
2021-05-29T00:24:04.418Z - info: [ui] [AppStore] adding repository at /home/brandon/GitHub/Dotfiles to store
